2026-06-24T01:19:46.077+02:00  WARN 41101 --- [           main] ConfigServletWebServerApplicationContext : Exception encountered during context initialization - cancelling refresh attempt: org.springframework.beans.factory.UnsatisfiedDependencyException: Error creating bean with name 'orderService' defined in file [/app/classes/com/demo/OrderService.class]: Unsatisfied dependency expressed through constructor parameter 0: No qualifying bean of type 'com.demo.PaymentGateway' available: expected at least 1 bean which qualifies as autowire candidate. Dependency annotations: {}
2026-06-24T01:19:46.078+02:00  INFO 41101 --- [           main] o.apache.catalina.core.StandardService   : Stopping service [Tomcat]
2026-06-24T01:19:46.085+02:00  INFO 41101 --- [           main] .s.b.a.l.ConditionEvaluationReportLogger : 

Error starting ApplicationContext. To display the condition evaluation report re-run your application with 'debug' enabled.
2026-06-24T01:19:46.093+02:00 ERROR 41101 --- [           main] o.s.b.d.LoggingFailureAnalysisReporter   : 

***************************
APPLICATION FAILED TO START
***************************

Description:

Parameter 0 of constructor in com.demo.OrderService required a bean of type 'com.demo.PaymentGateway' that could not be found.


Action:

Consider defining a bean of type 'com.demo.PaymentGateway' in your configuration.


FAILURE: Build failed with an exception.

* What went wrong:
Execution failed for task ':run' (registered by plugin 'org.gradle.application').
> Process 'command '/opt/homebrew/Cellar/openjdk/26.0.1/libexec/openjdk.jdk/Contents/Home/bin/java'' finished with non-zero exit value 1

* Try:
> Run with --stacktrace option to get the stack trace.
> Run with --info or --debug option to get more log output.
> Run with --scan to get full insights from a Build Scan (powered by Develocity).
> Get more help at https://help.gradle.org.

BUILD FAILED in 8s
